d:\1\1학기\win32개인프로젝트\김동민\talentdungeon\talentdungeon\x64\release\vc143.pdb
d:\1\1학기\win32개인프로젝트\김동민\talentdungeon\talentdungeon\x64\release\mhero.obj
d:\1\1학기\win32개인프로젝트\김동민\talentdungeon\talentdungeon\x64\release\inputsystem.obj
d:\1\1학기\win32개인프로젝트\김동민\talentdungeon\talentdungeon\x64\release\gametime.obj
d:\1\1학기\win32개인프로젝트\김동민\talentdungeon\talentdungeon\x64\release\gamerender.obj
d:\1\1학기\win32개인프로젝트\김동민\talentdungeon\talentdungeon\x64\release\gamerandom.obj
d:\1\1학기\win32개인프로젝트\김동민\talentdungeon\talentdungeon\x64\release\gamemanager.obj
d:\1\1학기\win32개인프로젝트\김동민\talentdungeon\talentdungeon\x64\release\factorymonster.obj
d:\1\1학기\win32개인프로젝트\김동민\talentdungeon\talentdungeon\x64\release\mcommon.obj
d:\1\1학기\win32개인프로젝트\김동민\talentdungeon\talentdungeon\x64\release\mboomer.obj
d:\1\1학기\win32개인프로젝트\김동민\talentdungeon\talentdungeon\x64\release\guidebutton.obj
d:\1\1학기\win32개인프로젝트\김동민\talentdungeon\talentdungeon\x64\release\guide.obj
d:\1\1학기\win32개인프로젝트\김동민\talentdungeon\talentdungeon\x64\release\fireboneskillui.obj
d:\1\1학기\win32개인프로젝트\김동민\talentdungeon\talentdungeon\x64\release\loseui.obj
d:\1\1학기\win32개인프로젝트\김동민\talentdungeon\talentdungeon\x64\release\dieui.obj
d:\1\1학기\win32개인프로젝트\김동민\talentdungeon\talentdungeon\x64\release\collidermanager.obj
d:\1\1학기\win32개인프로젝트\김동민\talentdungeon\talentdungeon\x64\release\collider.obj
d:\1\1학기\win32개인프로젝트\김동민\talentdungeon\talentdungeon\x64\release\dogbowl.obj
d:\1\1학기\win32개인프로젝트\김동민\talentdungeon\talentdungeon\x64\release\bone.obj
d:\1\1학기\win32개인프로젝트\김동민\talentdungeon\talentdungeon\x64\release\button.obj
d:\1\1학기\win32개인프로젝트\김동민\talentdungeon\talentdungeon\x64\release\background.obj
d:\1\1학기\win32개인프로젝트\김동민\talentdungeon\talentdungeon\x64\release\texture.obj
d:\1\1학기\win32개인프로젝트\김동민\talentdungeon\talentdungeon\x64\release\startui.obj
d:\1\1학기\win32개인프로젝트\김동민\talentdungeon\talentdungeon\x64\release\startbutton.obj
d:\1\1학기\win32개인프로젝트\김동민\talentdungeon\talentdungeon\x64\release\sound.obj
d:\1\1학기\win32개인프로젝트\김동민\talentdungeon\talentdungeon\x64\release\shareddata.obj
d:\1\1학기\win32개인프로젝트\김동민\talentdungeon\talentdungeon\x64\release\scenestart.obj
d:\1\1학기\win32개인프로젝트\김동민\talentdungeon\talentdungeon\x64\release\msoldier.obj
d:\1\1학기\win32개인프로젝트\김동민\talentdungeon\talentdungeon\x64\release\scenestage01.obj
d:\1\1학기\win32개인프로젝트\김동민\talentdungeon\talentdungeon\x64\release\scenemanager.obj
d:\1\1학기\win32개인프로젝트\김동민\talentdungeon\talentdungeon\x64\release\scenewin.obj
d:\1\1학기\win32개인프로젝트\김동민\talentdungeon\talentdungeon\x64\release\scenelose.obj
d:\1\1학기\win32개인프로젝트\김동민\talentdungeon\talentdungeon\x64\release\scene.obj
d:\1\1학기\win32개인프로젝트\김동민\talentdungeon\talentdungeon\x64\release\resourcemanager.obj
d:\1\1학기\win32개인프로젝트\김동민\talentdungeon\talentdungeon\x64\release\resource.obj
d:\1\1학기\win32개인프로젝트\김동민\talentdungeon\talentdungeon\x64\release\randomtable.obj
d:\1\1학기\win32개인프로젝트\김동민\talentdungeon\talentdungeon\x64\release\player.obj
d:\1\1학기\win32개인프로젝트\김동민\talentdungeon\talentdungeon\x64\release\pathmanager.obj
d:\1\1학기\win32개인프로젝트\김동민\talentdungeon\talentdungeon\x64\release\object.obj
d:\1\1학기\win32개인프로젝트\김동민\talentdungeon\talentdungeon\x64\release\monster.obj
d:\1\1학기\win32개인프로젝트\김동민\talentdungeon\talentdungeon\x64\release\mking.obj
d:\1\1학기\win32개인프로젝트\김동민\talentdungeon\talentdungeon\x64\release\winui.obj
d:\1\1학기\win32개인프로젝트\김동민\talentdungeon\talentdungeon\x64\release\winapp.obj
d:\1\1학기\win32개인프로젝트\김동민\talentdungeon\talentdungeon\x64\release\weapon.obj
d:\1\1학기\win32개인프로젝트\김동민\talentdungeon\talentdungeon\x64\release\vector3.obj
d:\1\1학기\win32개인프로젝트\김동민\talentdungeon\talentdungeon\x64\release\ui.obj
d:\1\1학기\win32개인프로젝트\김동민\talentdungeon\talentdungeon\x64\release\transform.obj
d:\1\1학기\win32개인프로젝트\김동민\talentdungeon\talentdungeon\x64\release\title.obj
d:\1\1학기\win32개인프로젝트\김동민\talentdungeon\talentdungeon\x64\release\timeui.obj
d:\1\1학기\win32개인프로젝트\김동민\talentdungeon\x64\release\talentdungeon.exe
d:\1\1학기\win32개인프로젝트\김동민\talentdungeon\x64\release\talentdungeon.pdb
d:\1\1학기\win32개인프로젝트\김동민\talentdungeon\talentdungeon\x64\release\talentdungeon.ipdb
d:\1\1학기\win32개인프로젝트\김동민\talentdungeon\talentdungeon\x64\release\talentdungeon.iobj
c:\users\user\source\repos\talentdungeon\talentdungeon\x64\release\background.obj
c:\users\user\source\repos\talentdungeon\talentdungeon\x64\release\bone.obj
c:\users\user\source\repos\talentdungeon\talentdungeon\x64\release\button.obj
c:\users\user\source\repos\talentdungeon\talentdungeon\x64\release\cbullet.obj
c:\users\user\source\repos\talentdungeon\talentdungeon\x64\release\clanguage.obj
c:\users\user\source\repos\talentdungeon\talentdungeon\x64\release\collider.obj
c:\users\user\source\repos\talentdungeon\talentdungeon\x64\release\collidermanager.obj
c:\users\user\source\repos\talentdungeon\talentdungeon\x64\release\dieui.obj
c:\users\user\source\repos\talentdungeon\talentdungeon\x64\release\dogbowl.obj
c:\users\user\source\repos\talentdungeon\talentdungeon\x64\release\factorymonster.obj
c:\users\user\source\repos\talentdungeon\talentdungeon\x64\release\fireboneskillui.obj
c:\users\user\source\repos\talentdungeon\talentdungeon\x64\release\gamemanager.obj
c:\users\user\source\repos\talentdungeon\talentdungeon\x64\release\gamerandom.obj
c:\users\user\source\repos\talentdungeon\talentdungeon\x64\release\gamerender.obj
c:\users\user\source\repos\talentdungeon\talentdungeon\x64\release\gametime.obj
c:\users\user\source\repos\talentdungeon\talentdungeon\x64\release\guide.obj
c:\users\user\source\repos\talentdungeon\talentdungeon\x64\release\guidebutton.obj
c:\users\user\source\repos\talentdungeon\talentdungeon\x64\release\inputsystem.obj
c:\users\user\source\repos\talentdungeon\talentdungeon\x64\release\loseui.obj
c:\users\user\source\repos\talentdungeon\talentdungeon\x64\release\mboomer.obj
c:\users\user\source\repos\talentdungeon\talentdungeon\x64\release\mcommon.obj
c:\users\user\source\repos\talentdungeon\talentdungeon\x64\release\mhero.obj
c:\users\user\source\repos\talentdungeon\talentdungeon\x64\release\mking.obj
c:\users\user\source\repos\talentdungeon\talentdungeon\x64\release\monster.obj
c:\users\user\source\repos\talentdungeon\talentdungeon\x64\release\msoldier.obj
c:\users\user\source\repos\talentdungeon\talentdungeon\x64\release\object.obj
c:\users\user\source\repos\talentdungeon\talentdungeon\x64\release\pathmanager.obj
c:\users\user\source\repos\talentdungeon\talentdungeon\x64\release\player.obj
c:\users\user\source\repos\talentdungeon\talentdungeon\x64\release\randomtable.obj
c:\users\user\source\repos\talentdungeon\talentdungeon\x64\release\resource.obj
c:\users\user\source\repos\talentdungeon\talentdungeon\x64\release\resourcemanager.obj
c:\users\user\source\repos\talentdungeon\talentdungeon\x64\release\scene.obj
c:\users\user\source\repos\talentdungeon\talentdungeon\x64\release\scenelose.obj
c:\users\user\source\repos\talentdungeon\talentdungeon\x64\release\scenemanager.obj
c:\users\user\source\repos\talentdungeon\talentdungeon\x64\release\scenestage01.obj
c:\users\user\source\repos\talentdungeon\talentdungeon\x64\release\scenestart.obj
c:\users\user\source\repos\talentdungeon\talentdungeon\x64\release\scenewin.obj
c:\users\user\source\repos\talentdungeon\talentdungeon\x64\release\shareddata.obj
c:\users\user\source\repos\talentdungeon\talentdungeon\x64\release\sound.obj
c:\users\user\source\repos\talentdungeon\talentdungeon\x64\release\startbutton.obj
c:\users\user\source\repos\talentdungeon\talentdungeon\x64\release\startui.obj
c:\users\user\source\repos\talentdungeon\talentdungeon\x64\release\texture.obj
c:\users\user\source\repos\talentdungeon\talentdungeon\x64\release\timeui.obj
c:\users\user\source\repos\talentdungeon\talentdungeon\x64\release\title.obj
c:\users\user\source\repos\talentdungeon\talentdungeon\x64\release\transform.obj
c:\users\user\source\repos\talentdungeon\talentdungeon\x64\release\ui.obj
c:\users\user\source\repos\talentdungeon\talentdungeon\x64\release\vector3.obj
c:\users\user\source\repos\talentdungeon\talentdungeon\x64\release\weapon.obj
c:\users\user\source\repos\talentdungeon\talentdungeon\x64\release\winapp.obj
c:\users\user\source\repos\talentdungeon\talentdungeon\x64\release\winui.obj
c:\users\user\source\repos\talentdungeon\talentdungeon\x64\release\talentdungeon.ipdb
c:\users\user\source\repos\talentdungeon\talentdungeon\x64\release\talentdungeon.iobj
c:\users\user\source\repos\talentdungeon\talentdungeon\x64\release\vc143.pdb
c:\users\user\source\repos\talentdungeon\x64\release\talentdungeon.pdb
c:\users\user\source\repos\talentdungeon\x64\release\talentdungeon.exe
c:\users\user\source\repos\talentdungeon\talentdungeon\x64\release\talentdungeon.tlog\cl.command.1.tlog
c:\users\user\source\repos\talentdungeon\talentdungeon\x64\release\talentdungeon.tlog\cl.items.tlog
c:\users\user\source\repos\talentdungeon\talentdungeon\x64\release\talentdungeon.tlog\cl.read.1.tlog
c:\users\user\source\repos\talentdungeon\talentdungeon\x64\release\talentdungeon.tlog\cl.write.1.tlog
c:\users\user\source\repos\talentdungeon\talentdungeon\x64\release\talentdungeon.tlog\link.command.1.tlog
c:\users\user\source\repos\talentdungeon\talentdungeon\x64\release\talentdungeon.tlog\link.read.1.tlog
c:\users\user\source\repos\talentdungeon\talentdungeon\x64\release\talentdungeon.tlog\link.secondary.1.tlog
c:\users\user\source\repos\talentdungeon\talentdungeon\x64\release\talentdungeon.tlog\link.write.1.tlog
