c:\users\user\source\repos\인재원오르기\인재원오르기\x64\debug\cbullet.obj
c:\users\user\source\repos\인재원오르기\인재원오르기\x64\debug\clanguage.obj
c:\users\user\source\repos\인재원오르기\인재원오르기\x64\debug\gamemanager.obj
c:\users\user\source\repos\인재원오르기\인재원오르기\x64\debug\gamerandom.obj
c:\users\user\source\repos\인재원오르기\인재원오르기\x64\debug\gamerender.obj
c:\users\user\source\repos\인재원오르기\인재원오르기\x64\debug\gametime.obj
c:\users\user\source\repos\인재원오르기\인재원오르기\x64\debug\inputsystem.obj
c:\users\user\source\repos\인재원오르기\인재원오르기\x64\debug\main.obj
c:\users\user\source\repos\인재원오르기\인재원오르기\x64\debug\monster.obj
c:\users\user\source\repos\인재원오르기\인재원오르기\x64\debug\object.obj
c:\users\user\source\repos\인재원오르기\인재원오르기\x64\debug\pathmanager.obj
c:\users\user\source\repos\인재원오르기\인재원오르기\x64\debug\player.obj
c:\users\user\source\repos\인재원오르기\인재원오르기\x64\debug\randomtable.obj
c:\users\user\source\repos\인재원오르기\인재원오르기\x64\debug\resource.obj
c:\users\user\source\repos\인재원오르기\인재원오르기\x64\debug\resourcemanager.obj
c:\users\user\source\repos\인재원오르기\인재원오르기\x64\debug\scene.obj
c:\users\user\source\repos\인재원오르기\인재원오르기\x64\debug\scenemanager.obj
c:\users\user\source\repos\인재원오르기\인재원오르기\x64\debug\scenestage01.obj
c:\users\user\source\repos\인재원오르기\인재원오르기\x64\debug\texture.obj
c:\users\user\source\repos\인재원오르기\인재원오르기\x64\debug\transform.obj
c:\users\user\source\repos\인재원오르기\인재원오르기\x64\debug\vector3.obj
c:\users\user\source\repos\인재원오르기\인재원오르기\x64\debug\weapon.obj
c:\users\user\source\repos\인재원오르기\인재원오르기\x64\debug\winapp.obj
c:\users\user\source\repos\인재원오르기\인재원오르기\x64\debug\vc143.idb
c:\users\user\source\repos\인재원오르기\인재원오르기\x64\debug\vc143.pdb
